============================= test session starts ==============================
platform linux -- Python 3.11.0rc1, pytest-9.0.2, pluggy-1.6.0
rootdir: /home/ubuntu/fincode
plugins: anyio-4.11.0, asyncio-1.3.0, langsmith-0.6.4
asyncio: mode=Mode.STRICT, debug=False, asyncio_default_fixture_loop_scope=None, asyncio_default_test_loop_scope=function
collected 21 items

tests/test_polyagent.py .....................                            [100%]

============================== 21 passed in 5.35s ==============================
